<?xml version="1.0" encoding="UTF-8"?>
<testng-results skipped="0" failed="0" total="0" passed="0">
  <reporter-output>
  </reporter-output>
  <suite name="sel.gittest.AppTest" duration-ms="5" started-at="2016-06-18T18:40:23Z" finished-at="2016-06-18T18:40:23Z">
    <groups>
    </groups>
    <test name="Command line test" duration-ms="5" started-at="2016-06-18T18:40:23Z" finished-at="2016-06-18T18:40:23Z">
    </test> <!-- Command line test -->
  </suite> <!-- sel.gittest.AppTest -->
</testng-results>
